Command line invocation:
    /Applications/Xcode.app/Contents/Developer/usr/bin/xcodebuild build -project GD-MangaReader.xcodeproj -scheme GD-MangaReader -destination "platform=iOS Simulator,name=iPhone 17"

Resolve Package Graph


Resolved source packages:
  GoogleSignIn: https://github.com/google/GoogleSignIn-iOS @ main (1d65c61)
  Kingfisher: https://github.com/onevcat/Kingfisher @ 8.6.2
  Promises: https://github.com/google/promises.git @ 2.4.0
  AppCheck: https://github.com/google/app-check.git @ 11.2.0
  ZIPFoundation: https://github.com/weichsel/ZIPFoundation @ 0.9.20
  GoogleAPIClientForREST: https://github.com/google/google-api-objectivec-client-for-rest @ 3.5.5
  GTMAppAuth: https://github.com/google/GTMAppAuth.git @ 5.0.0
  GoogleUtilities: https://github.com/google/GoogleUtilities.git @ 8.1.0
  GTMSessionFetcher: https://github.com/google/gtm-session-fetcher.git @ 3.5.0
  AppAuth: https://github.com/openid/AppAuth-iOS.git @ 2.0.0

ComputePackagePrebuildTargetDependencyGraph

Prepare packages

CreateBuildRequest

SendProjectDescription

CreateBuildOperation

ComputeTargetDependencyGraph
note: Building targets in dependency order
note: Target dependency graph (46 targets)
    Target 'GD-MangaReader' in project 'GD-MangaReader'
        ➜ Explicit dependency on target 'GoogleSignIn' in project 'GoogleSignIn'
        ➜ Explicit dependency on target 'GoogleSignInSwift' in project 'GoogleSignIn'
        ➜ Explicit dependency on target 'GoogleAPIClientForREST_Drive' in project 'GoogleAPIClientForREST'
        ➜ Explicit dependency on target 'ZIPFoundation' in project 'ZIPFoundation'
        ➜ Explicit dependency on target 'Kingfisher' in project 'Kingfisher'
    Target 'Kingfisher' in project 'Kingfisher'
        ➜ Explicit dependency on target 'Kingfisher' in project 'Kingfisher'
        ➜ Explicit dependency on target 'Kingfisher_Kingfisher' in project 'Kingfisher'
    Target 'Kingfisher' in project 'Kingfisher'
        ➜ Explicit dependency on target 'Kingfisher_Kingfisher' in project 'Kingfisher'
    Target 'Kingfisher_Kingfisher' in project 'Kingfisher' (no dependencies)
    Target 'ZIPFoundation' in project 'ZIPFoundation'
        ➜ Explicit dependency on target 'ZIPFoundation' in project 'ZIPFoundation'
        ➜ Explicit dependency on target 'ZIPFoundation_ZIPFoundation' in project 'ZIPFoundation'
    Target 'ZIPFoundation' in project 'ZIPFoundation'
        ➜ Explicit dependency on target 'ZIPFoundation_ZIPFoundation' in project 'ZIPFoundation'
    Target 'ZIPFoundation_ZIPFoundation' in project 'ZIPFoundation' (no dependencies)
    Target 'GoogleAPIClientForREST_Drive' in project 'GoogleAPIClientForREST'
        ➜ Explicit dependency on target 'GoogleAPIClientForREST_Drive' in project 'GoogleAPIClientForREST'
        ➜ Explicit dependency on target 'GoogleAPIClientForRESTCore' in project 'GoogleAPIClientForREST'
        ➜ Explicit dependency on target 'GTMSessionFetcherFull' in project 'GTMSessionFetcher'
    Target 'GoogleAPIClientForREST_Drive' in project 'GoogleAPIClientForREST'
        ➜ Explicit dependency on target 'GoogleAPIClientForRESTCore' in project 'GoogleAPIClientForREST'
        ➜ Explicit dependency on target 'GTMSessionFetcherFull' in project 'GTMSessionFetcher'
    Target 'GoogleAPIClientForRESTCore' in project 'GoogleAPIClientForREST'
        ➜ Explicit dependency on target 'GoogleAPIClientForREST_GoogleAPIClientForRESTCore' in project 'GoogleAPIClientForREST'
        ➜ Explicit dependency on target 'GTMSessionFetcherFull' in project 'GTMSessionFetcher'
    Target 'GTMSessionFetcherFull' in project 'GTMSessionFetcher'
        ➜ Explicit dependency on target 'GTMSessionFetcherFull' in project 'GTMSessionFetcher'
        ➜ Explicit dependency on target 'GTMSessionFetcher_GTMSessionFetcherFull' in project 'GTMSessionFetcher'
        ➜ Explicit dependency on target 'GTMSessionFetcherCore' in project 'GTMSessionFetcher'
    Target 'GTMSessionFetcherFull' in project 'GTMSessionFetcher'
        ➜ Explicit dependency on target 'GTMSessionFetcher_GTMSessionFetcherFull' in project 'GTMSessionFetcher'
        ➜ Explicit dependency on target 'GTMSessionFetcherCore' in project 'GTMSessionFetcher'
    Target 'GTMSessionFetcher_GTMSessionFetcherFull' in project 'GTMSessionFetcher' (no dependencies)
    Target 'GoogleAPIClientForREST_GoogleAPIClientForRESTCore' in project 'GoogleAPIClientForREST' (no dependencies)
    Target 'GoogleSignInSwift' in project 'GoogleSignIn'
        ➜ Explicit dependency on target 'GoogleSignInSwift' in project 'GoogleSignIn'
        ➜ Explicit dependency on target 'GoogleSignIn_GoogleSignInSwift' in project 'GoogleSignIn'
        ➜ Explicit dependency on target 'GoogleSignIn' in project 'GoogleSignIn'
        ➜ Explicit dependency on target 'AppAuth' in project 'AppAuth'
        ➜ Explicit dependency on target 'AppAuthCore' in project 'AppAuth'
        ➜ Explicit dependency on target 'AppCheckCore' in project 'AppCheck'
        ➜ Explicit dependency on target 'GTMAppAuth' in project 'GTMAppAuth'
        ➜ Explicit dependency on target 'GTMSessionFetcherCore' in project 'GTMSessionFetcher'
    Target 'GoogleSignInSwift' in project 'GoogleSignIn'
        ➜ Explicit dependency on target 'GoogleSignIn_GoogleSignInSwift' in project 'GoogleSignIn'
        ➜ Explicit dependency on target 'GoogleSignIn' in project 'GoogleSignIn'
        ➜ Explicit dependency on target 'AppAuth' in project 'AppAuth'
        ➜ Explicit dependency on target 'AppAuthCore' in project 'AppAuth'
        ➜ Explicit dependency on target 'AppCheckCore' in project 'AppCheck'
        ➜ Explicit dependency on target 'GTMAppAuth' in project 'GTMAppAuth'
        ➜ Explicit dependency on target 'GTMSessionFetcherCore' in project 'GTMSessionFetcher'
    Target 'GoogleSignIn_GoogleSignInSwift' in project 'GoogleSignIn' (no dependencies)
    Target 'GoogleSignIn' in project 'GoogleSignIn'
        ➜ Explicit dependency on target 'GoogleSignIn' in project 'GoogleSignIn'
        ➜ Explicit dependency on target 'GoogleSignIn_GoogleSignIn' in project 'GoogleSignIn'
        ➜ Explicit dependency on target 'AppAuth' in project 'AppAuth'
        ➜ Explicit dependency on target 'AppAuthCore' in project 'AppAuth'
        ➜ Explicit dependency on target 'AppCheckCore' in project 'AppCheck'
        ➜ Explicit dependency on target 'GTMAppAuth' in project 'GTMAppAuth'
        ➜ Explicit dependency on target 'GTMSessionFetcherCore' in project 'GTMSessionFetcher'
    Target 'GoogleSignIn' in project 'GoogleSignIn'
        ➜ Explicit dependency on target 'GoogleSignIn_GoogleSignIn' in project 'GoogleSignIn'
        ➜ Explicit dependency on target 'AppAuth' in project 'AppAuth'
        ➜ Explicit dependency on target 'AppAuthCore' in project 'AppAuth'
        ➜ Explicit dependency on target 'AppCheckCore' in project 'AppCheck'
        ➜ Explicit dependency on target 'GTMAppAuth' in project 'GTMAppAuth'
        ➜ Explicit dependency on target 'GTMSessionFetcherCore' in project 'GTMSessionFetcher'
    Target 'GTMAppAuth' in project 'GTMAppAuth'
        ➜ Explicit dependency on target 'GTMAppAuth' in project 'GTMAppAuth'
        ➜ Explicit dependency on target 'GTMAppAuth_GTMAppAuth' in project 'GTMAppAuth'
        ➜ Explicit dependency on target 'GTMSessionFetcherCore' in project 'GTMSessionFetcher'
        ➜ Explicit dependency on target 'AppAuthCore' in project 'AppAuth'
    Target 'GTMAppAuth' in project 'GTMAppAuth'
        ➜ Explicit dependency on target 'GTMAppAuth_GTMAppAuth' in project 'GTMAppAuth'
        ➜ Explicit dependency on target 'GTMSessionFetcherCore' in project 'GTMSessionFetcher'
        ➜ Explicit dependency on target 'AppAuthCore' in project 'AppAuth'
    Target 'GTMSessionFetcherCore' in project 'GTMSessionFetcher'
        ➜ Explicit dependency on target 'GTMSessionFetcherCore' in project 'GTMSessionFetcher'
        ➜ Explicit dependency on target 'GTMSessionFetcher_GTMSessionFetcherCore' in project 'GTMSessionFetcher'
    Target 'GTMSessionFetcherCore' in project 'GTMSessionFetcher'
        ➜ Explicit dependency on target 'GTMSessionFetcher_GTMSessionFetcherCore' in project 'GTMSessionFetcher'
    Target 'GTMSessionFetcher_GTMSessionFetcherCore' in project 'GTMSessionFetcher' (no dependencies)
    Target 'GTMAppAuth_GTMAppAuth' in project 'GTMAppAuth' (no dependencies)
    Target 'AppCheckCore' in project 'AppCheck'
        ➜ Explicit dependency on target 'AppCheckCore' in project 'AppCheck'
        ➜ Explicit dependency on target 'FBLPromises' in project 'Promises'
        ➜ Explicit dependency on target 'GULEnvironment' in project 'GoogleUtilities'
        ➜ Explicit dependency on target 'GULUserDefaults' in project 'GoogleUtilities'
    Target 'AppCheckCore' in project 'AppCheck'
        ➜ Explicit dependency on target 'FBLPromises' in project 'Promises'
        ➜ Explicit dependency on target 'GULEnvironment' in project 'GoogleUtilities'
        ➜ Explicit dependency on target 'GULUserDefaults' in project 'GoogleUtilities'
    Target 'GULUserDefaults' in project 'GoogleUtilities'
        ➜ Explicit dependency on target 'GoogleUtilities-UserDefaults' in project 'GoogleUtilities'
        ➜ Explicit dependency on target 'GoogleUtilities_GoogleUtilities-UserDefaults' in project 'GoogleUtilities'
        ➜ Explicit dependency on target 'third-party-IsAppEncrypted' in project 'GoogleUtilities'
        ➜ Explicit dependency on target 'GoogleUtilities-Environment' in project 'GoogleUtilities'
        ➜ Explicit dependency on target 'GoogleUtilities-Logger' in project 'GoogleUtilities'
    Target 'GoogleUtilities-UserDefaults' in project 'GoogleUtilities'
        ➜ Explicit dependency on target 'GoogleUtilities_GoogleUtilities-UserDefaults' in project 'GoogleUtilities'
        ➜ Explicit dependency on target 'third-party-IsAppEncrypted' in project 'GoogleUtilities'
        ➜ Explicit dependency on target 'GoogleUtilities-Environment' in project 'GoogleUtilities'
        ➜ Explicit dependency on target 'GoogleUtilities-Logger' in project 'GoogleUtilities'
    Target 'GoogleUtilities-Logger' in project 'GoogleUtilities'
        ➜ Explicit dependency on target 'GoogleUtilities_GoogleUtilities-Logger' in project 'GoogleUtilities'
        ➜ Explicit dependency on target 'third-party-IsAppEncrypted' in project 'GoogleUtilities'
        ➜ Explicit dependency on target 'GoogleUtilities-Environment' in project 'GoogleUtilities'
    Target 'GoogleUtilities_GoogleUtilities-Logger' in project 'GoogleUtilities' (no dependencies)
    Target 'GoogleUtilities_GoogleUtilities-UserDefaults' in project 'GoogleUtilities' (no dependencies)
    Target 'GULEnvironment' in project 'GoogleUtilities'
        ➜ Explicit dependency on target 'GoogleUtilities-Environment' in project 'GoogleUtilities'
        ➜ Explicit dependency on target 'GoogleUtilities_GoogleUtilities-Environment' in project 'GoogleUtilities'
        ➜ Explicit dependency on target 'third-party-IsAppEncrypted' in project 'GoogleUtilities'
    Target 'GoogleUtilities-Environment' in project 'GoogleUtilities'
        ➜ Explicit dependency on target 'GoogleUtilities_GoogleUtilities-Environment' in project 'GoogleUtilities'
        ➜ Explicit dependency on target 'third-party-IsAppEncrypted' in project 'GoogleUtilities'
    Target 'third-party-IsAppEncrypted' in project 'GoogleUtilities' (no dependencies)
    Target 'GoogleUtilities_GoogleUtilities-Environment' in project 'GoogleUtilities' (no dependencies)
    Target 'FBLPromises' in project 'Promises'
        ➜ Explicit dependency on target 'FBLPromises' in project 'Promises'
        ➜ Explicit dependency on target 'Promises_FBLPromises' in project 'Promises'
    Target 'FBLPromises' in project 'Promises'
        ➜ Explicit dependency on target 'Promises_FBLPromises' in project 'Promises'
    Target 'Promises_FBLPromises' in project 'Promises' (no dependencies)
    Target 'AppAuthCore' in project 'AppAuth'
        ➜ Explicit dependency on target 'AppAuthCore' in project 'AppAuth'
        ➜ Explicit dependency on target 'AppAuth_AppAuthCore' in project 'AppAuth'
    Target 'AppAuth' in project 'AppAuth'
        ➜ Explicit dependency on target 'AppAuth' in project 'AppAuth'
        ➜ Explicit dependency on target 'AppAuth_AppAuth' in project 'AppAuth'
        ➜ Explicit dependency on target 'AppAuthCore' in project 'AppAuth'
    Target 'AppAuth' in project 'AppAuth'
        ➜ Explicit dependency on target 'AppAuth_AppAuth' in project 'AppAuth'
        ➜ Explicit dependency on target 'AppAuthCore' in project 'AppAuth'
    Target 'AppAuthCore' in project 'AppAuth'
        ➜ Explicit dependency on target 'AppAuth_AppAuthCore' in project 'AppAuth'
    Target 'AppAuth_AppAuthCore' in project 'AppAuth' (no dependencies)
    Target 'AppAuth_AppAuth' in project 'AppAuth' (no dependencies)
    Target 'GoogleSignIn_GoogleSignIn' in project 'GoogleSignIn' (no dependencies)

GatherProvisioningInputs

CreateBuildDescription

ClangStatCache /Applications/Xcode.app/Contents/Developer/Toolchains/XcodeDefault.xctoolchain/usr/bin/clang-stat-cache /Applications/Xcode.app/Contents/Developer/Platforms/iPhoneSimulator.platform/Developer/SDKs/iPhoneSimulator26.2.sdk /Users/manyo/Library/Developer/Xcode/DerivedData/SDKStatCaches.noindex/iphonesimulator26.2-23C53-7d00a8b37fbd7999ea79df8ebc024bf0.sdkstatcache
    cd /Users/manyo/Desktop/develop/google-drive-manga-reader/GD-MangaReader/GD-MangaReader.xcodeproj
    /Applications/Xcode.app/Contents/Developer/Toolchains/XcodeDefault.xctoolchain/usr/bin/clang-stat-cache /Applications/Xcode.app/Contents/Developer/Platforms/iPhoneSimulator.platform/Developer/SDKs/iPhoneSimulator26.2.sdk -o /Users/manyo/Library/Developer/Xcode/DerivedData/SDKStatCaches.noindex/iphonesimulator26.2-23C53-7d00a8b37fbd7999ea79df8ebc024bf0.sdkstatcache

SwiftDriver GD-MangaReader normal arm64 com.apple.xcode.tools.swift.compiler (in target 'GD-MangaReader' from project 'GD-MangaReader')
    cd /Users/manyo/Desktop/develop/google-drive-manga-reader/GD-MangaReader
    builtin-SwiftDriver -- /Applications/Xcode.app/Contents/Developer/Toolchains/XcodeDefault.xctoolchain/usr/bin/swiftc -module-name GD_MangaReader -Onone -enforce-exclusivity\=checked @/Users/manyo/Library/Developer/Xcode/DerivedData/GD-MangaReader-ensqrvkulassenhiununkvpllbyj/Build/Intermediates.noindex/GD-MangaReader.build/Debug-iphonesimulator/GD-MangaReader.build/Objects-normal/arm64/GD-MangaReader.SwiftFileList -DDEBUG -Xcc -fmodule-map-file\=/Users/manyo/Library/Developer/Xcode/DerivedData/GD-MangaReader-ensqrvkulassenhiununkvpllbyj/Build/Intermediates.noindex/GeneratedModuleMaps-iphonesimulator/AppAuth.modulemap -Xcc -fmodule-map-file\=/Users/manyo/Library/Developer/Xcode/DerivedData/GD-MangaReader-ensqrvkulassenhiununkvpllbyj/Build/Intermediates.noindex/GeneratedModuleMaps-iphonesimulator/AppAuthCore.modulemap -Xcc -fmodule-map-file\=/Users/manyo/Library/Developer/Xcode/DerivedData/GD-MangaReader-ensqrvkulassenhiununkvpllbyj/Build/Intermediates.noindex/GeneratedModuleMaps-iphonesimulator/GoogleUtilities-Logger.modulemap -Xcc -fmodule-map-file\=/Users/manyo/Library/Developer/Xcode/DerivedData/GD-MangaReader-ensqrvkulassenhiununkvpllbyj/Build/Intermediates.noindex/GeneratedModuleMaps-iphonesimulator/GoogleUtilities-Environment.modulemap -Xcc -fmodule-map-file\=/Users/manyo/Library/Developer/Xcode/DerivedData/GD-MangaReader-ensqrvkulassenhiununkvpllbyj/Build/Intermediates.noindex/GeneratedModuleMaps-iphonesimulator/third-party-IsAppEncrypted.modulemap -Xcc -fmodule-map-file\=/Users/manyo/Library/Developer/Xcode/DerivedData/GD-MangaReader-ensqrvkulassenhiununkvpllbyj/Build/Intermediates.noindex/GeneratedModuleMaps-iphonesimulator/GoogleUtilities-UserDefaults.modulemap -Xcc -fmodule-map-file\=/Users/manyo/Library/Developer/Xcode/DerivedData/GD-MangaReader-ensqrvkulassenhiununkvpllbyj/Build/Intermediates.noindex/GeneratedModuleMaps-iphonesimulator/AppCheckCore.modulemap -Xcc -fmodule-map-file\=/Users/manyo/Library/Developer/Xcode/DerivedData/GD-MangaReader-ensqrvkulassenhiununkvpllbyj/Build/Intermediates.noindex/GeneratedModuleMaps-iphonesimulator/GoogleSignIn.modulemap -Xcc -fmodule-map-file\=/Users/manyo/Library/Developer/Xcode/DerivedData/GD-MangaReader-ensqrvkulassenhiununkvpllbyj/Build/Intermediates.noindex/GeneratedModuleMaps-iphonesimulator/GTMSessionFetcherCore.modulemap -Xcc -fmodule-map-file\=/Users/manyo/Library/Developer/Xcode/DerivedData/GD-MangaReader-ensqrvkulassenhiununkvpllbyj/Build/Intermediates.noindex/GeneratedModuleMaps-iphonesimulator/GTMSessionFetcherFull.modulemap -Xcc -fmodule-map-file\=/Users/manyo/Library/Developer/Xcode/DerivedData/GD-MangaReader-ensqrvkulassenhiununkvpllbyj/Build/Intermediates.noindex/GeneratedModuleMaps-iphonesimulator/GoogleAPIClientForRESTCore.modulemap -Xcc -fmodule-map-file\=/Users/manyo/Library/Developer/Xcode/DerivedData/GD-MangaReader-ensqrvkulassenhiununkvpllbyj/Build/Intermediates.noindex/GeneratedModuleMaps-iphonesimulator/GoogleAPIClientForREST_Drive.modulemap -enable-bare-slash-regex -enable-experimental-feature DebugDescriptionMacro -sdk /Applications/Xcode.app/Contents/Developer/Platforms/iPhoneSimulator.platform/Developer/SDKs/iPhoneSimulator26.2.sdk -target arm64-apple-ios17.0-simulator -g -module-cache-path /Users/manyo/Library/Developer/Xcode/DerivedData/ModuleCache.noindex -Xfrontend -serialize-debugging-options -enable-testing -index-store-path /Users/manyo/Library/Developer/Xcode/DerivedData/GD-MangaReader-ensqrvkulassenhiununkvpllbyj/Index.noindex/DataStore -Xcc -D_LIBCPP_HARDENING_MODE\=_LIBCPP_HARDENING_MODE_DEBUG -swift-version 5 -I /Users/manyo/Library/Developer/Xcode/DerivedData/GD-MangaReader-ensqrvkulassenhiununkvpllbyj/Build/Products/Debug-iphonesimulator -F /Users/manyo/Library/Developer/Xcode/DerivedData/GD-MangaReader-ensqrvkulassenhiununkvpllbyj/Build/Products/Debug-iphonesimulator/PackageFrameworks -F /Users/manyo/Library/Developer/Xcode/DerivedData/GD-MangaReader-ensqrvkulassenhiununkvpllbyj/Build/Products/Debug-iphonesimulator/PackageFrameworks -F /Users/manyo/Library/Developer/Xcode/DerivedData/GD-MangaReader-ensqrvkulassenhiununkvpllbyj/Build/Products/Debug-iphonesimulator/PackageFrameworks -F /Users/manyo/Library/Developer/Xcode/DerivedData/GD-MangaReader-ensqrvkulassenhiununkvpllbyj/Build/Products/Debug-iphonesimulator/PackageFrameworks -F /Users/manyo/Library/Developer/Xcode/DerivedData/GD-MangaReader-ensqrvkulassenhiununkvpllbyj/Build/Products/Debug-iphonesimulator/PackageFrameworks -F /Users/manyo/Library/Developer/Xcode/DerivedData/GD-MangaReader-ensqrvkulassenhiununkvpllbyj/Build/Products/Debug-iphonesimulator/PackageFrameworks -F /Users/manyo/Library/Developer/Xcode/DerivedData/GD-MangaReader-ensqrvkulassenhiununkvpllbyj/Build/Products/Debug-iphonesimulator/PackageFrameworks -F /Users/manyo/Library/Developer/Xcode/DerivedData/GD-MangaReader-ensqrvkulassenhiununkvpllbyj/Build/Products/Debug-iphonesimulator/PackageFrameworks -F /Users/manyo/Library/Developer/Xcode/DerivedData/GD-MangaReader-ensqrvkulassenhiununkvpllbyj/Build/Products/Debug-iphonesimulator/PackageFrameworks -F /Users/manyo/Library/Developer/Xcode/DerivedData/GD-MangaReader-ensqrvkulassenhiununkvpllbyj/Build/Products/Debug-iphonesimulator/PackageFrameworks -F /Users/manyo/Library/Developer/Xcode/DerivedData/GD-MangaReader-ensqrvkulassenhiununkvpllbyj/Build/Products/Debug-iphonesimulator/PackageFrameworks -F /Users/manyo/Library/Developer/Xcode/DerivedData/GD-MangaReader-ensqrvkulassenhiununkvpllbyj/Build/Products/Debug-iphonesimulator/PackageFrameworks -F /Users/manyo/Library/Developer/Xcode/DerivedData/GD-MangaReader-ensqrvkulassenhiununkvpllbyj/Build/Products/Debug-iphonesimulator/PackageFrameworks -F /Users/manyo/Library/Developer/Xcode/DerivedData/GD-MangaReader-ensqrvkulassenhiununkvpllbyj/Build/Products/Debug-iphonesimulator/PackageFrameworks -F /Users/manyo/Library/Developer/Xcode/DerivedData/GD-MangaReader-ensqrvkulassenhiununkvpllbyj/Build/Products/Debug-iphonesimulator/PackageFrameworks -F /Users/manyo/Library/Developer/Xcode/DerivedData/GD-MangaReader-ensqrvkulassenhiununkvpllbyj/Build/Products/Debug-iphonesimulator/PackageFrameworks -F /Users/manyo/Library/Developer/Xcode/DerivedData/GD-MangaReader-ensqrvkulassenhiununkvpllbyj/Build/Products/Debug-iphonesimulator/PackageFrameworks -F /Users/manyo/Library/Developer/Xcode/DerivedData/GD-MangaReader-ensqrvkulassenhiununkvpllbyj/Build/Products/Debug-iphonesimulator -c -j8 -enable-batch-mode -incremental -Xcc -ivfsstatcache -Xcc /Users/manyo/Library/Developer/Xcode/DerivedData/SDKStatCaches.noindex/iphonesimulator26.2-23C53-7d00a8b37fbd7999ea79df8ebc024bf0.sdkstatcache -output-file-map /Users/manyo/Library/Developer/Xcode/DerivedData/GD-MangaReader-ensqrvkulassenhiununkvpllbyj/Build/Intermediates.noindex/GD-MangaReader.build/Debug-iphonesimulator/GD-MangaReader.build/Objects-normal/arm64/GD-MangaReader-OutputFileMap.json -use-frontend-parseable-output -save-temps -no-color-diagnostics -explicit-module-build -module-cache-path /Users/manyo/Library/Developer/Xcode/DerivedData/GD-MangaReader-ensqrvkulassenhiununkvpllbyj/Build/Intermediates.noindex/SwiftExplicitPrecompiledModules -clang-scanner-module-cache-path /Users/manyo/Library/Developer/Xcode/DerivedData/ModuleCache.noindex -sdk-module-cache-path /Users/manyo/Library/Developer/Xcode/DerivedData/ModuleCache.noindex -serialize-diagnostics -emit-dependencies -emit-module -emit-module-path /Users/manyo/Library/Developer/Xcode/DerivedData/GD-MangaReader-ensqrvkulassenhiununkvpllbyj/Build/Intermediates.noindex/GD-MangaReader.build/Debug-iphonesimulator/GD-MangaReader.build/Objects-normal/arm64/GD_MangaReader.swiftmodule -validate-clang-modules-once -clang-build-session-file /Users/manyo/Library/Developer/Xcode/DerivedData/ModuleCache.noindex/Session.modulevalidation -Xcc -I/Users/manyo/Library/Developer/Xcode/DerivedData/GD-MangaReader-ensqrvkulassenhiununkvpllbyj/Build/Intermediates.noindex/GD-MangaReader.build/Debug-iphonesimulator/GD-MangaReader.build/swift-overrides.hmap -emit-const-values -Xfrontend -const-gather-protocols-file -Xfrontend /Users/manyo/Library/Developer/Xcode/DerivedData/GD-MangaReader-ensqrvkulassenhiununkvpllbyj/Build/Intermediates.noindex/GD-MangaReader.build/Debug-iphonesimulator/GD-MangaReader.build/Objects-normal/arm64/GD-MangaReader_const_extract_protocols.json -Xcc -iquote -Xcc /Users/manyo/Library/Developer/Xcode/DerivedData/GD-MangaReader-ensqrvkulassenhiununkvpllbyj/Build/Intermediates.noindex/GD-MangaReader.build/Debug-iphonesimulator/GD-MangaReader.build/GD-MangaReader-generated-files.hmap -Xcc -I/Users/manyo/Library/Developer/Xcode/DerivedData/GD-MangaReader-ensqrvkulassenhiununkvpllbyj/Build/Intermediates.noindex/GD-MangaReader.build/Debug-iphonesimulator/GD-MangaReader.build/GD-MangaReader-own-target-headers.hmap -Xcc -I/Users/manyo/Library/Developer/Xcode/DerivedData/GD-MangaReader-ensqrvkulassenhiununkvpllbyj/Build/Intermediates.noindex/GD-MangaReader.build/Debug-iphonesimulator/GD-MangaReader.build/GD-MangaReader-all-non-framework-target-headers.hmap -Xcc -ivfsoverlay -Xcc /Users/manyo/Library/Developer/Xcode/DerivedData/GD-MangaReader-ensqrvkulassenhiununkvpllbyj/Build/Intermediates.noindex/GD-MangaReader.build/Debug-iphonesimulator/GD-MangaReader-955b0d1932e3acf7e6c65ad2fbabda61-VFS-iphonesimulator/all-product-headers.yaml -Xcc -iquote -Xcc /Users/manyo/Library/Developer/Xcode/DerivedData/GD-MangaReader-ensqrvkulassenhiununkvpllbyj/Build/Intermediates.noindex/GD-MangaReader.build/Debug-iphonesimulator/GD-MangaReader.build/GD-MangaReader-project-headers.hmap -Xcc -I/Users/manyo/Library/Developer/Xcode/DerivedData/GD-MangaReader-ensqrvkulassenhiununkvpllbyj/SourcePackages/checkouts/AppAuth-iOS/Sources/AppAuth -Xcc -I/Users/manyo/Library/Developer/Xcode/DerivedData/GD-MangaReader-ensqrvkulassenhiununkvpllbyj/SourcePackages/checkouts/AppAuth-iOS/Sources/AppAuthCore -Xcc -I/Users/manyo/Library/Developer/Xcode/DerivedData/GD-MangaReader-ensqrvkulassenhiununkvpllbyj/SourcePackages/checkouts/promises/Sources/FBLPromises/include -Xcc -I/Users/manyo/Library/Developer/Xcode/DerivedData/GD-MangaReader-ensqrvkulassenhiununkvpllbyj/SourcePackages/checkouts/GoogleUtilities/GoogleUtilities/Logger/Public -Xcc -I/Users/manyo/Library/Developer/Xcode/DerivedData/GD-MangaReader-ensqrvkulassenhiununkvpllbyj/SourcePackages/checkouts/GoogleUtilities/GoogleUtilities/Environment/Public -Xcc -I/Users/manyo/Library/Developer/Xcode/DerivedData/GD-MangaReader-ensqrvkulassenhiununkvpllbyj/SourcePackages/checkouts/GoogleUtilities/third_party/IsAppEncrypted/Public -Xcc -I/Users/manyo/Library/Developer/Xcode/DerivedData/GD-MangaReader-ensqrvkulassenhiununkvpllbyj/SourcePackages/checkouts/GoogleUtilities/GoogleUtilities/UserDefaults/Public -Xcc -I/Users/manyo/Library/Developer/Xcode/DerivedData/GD-MangaReader-ensqrvkulassenhiununkvpllbyj/SourcePackages/checkouts/app-check/AppCheckCore/Sources/Public -Xcc -I/Users/manyo/Library/Developer/Xcode/DerivedData/GD-MangaReader-ensqrvkulassenhiununkvpllbyj/SourcePackages/checkouts/GoogleSignIn-iOS/GoogleSignIn/Sources/Public -Xcc -I/Users/manyo/Library/Developer/Xcode/DerivedData/GD-MangaReader-ensqrvkulassenhiununkvpllbyj/SourcePackages/checkouts/gtm-session-fetcher/Sources/Core/Public -Xcc -I/Users/manyo/Library/Developer/Xcode/DerivedData/GD-MangaReader-ensqrvkulassenhiununkvpllbyj/SourcePackages/checkouts/gtm-session-fetcher/Sources/Full/Public -Xcc -I/Users/manyo/Library/Developer/Xcode/DerivedData/GD-MangaReader-ensqrvkulassenhiununkvpllbyj/SourcePackages/checkouts/google-api-objectivec-client-for-rest/Sources/Core/Public -Xcc -I/Users/manyo/Library/Developer/Xcode/DerivedData/GD-MangaReader-ensqrvkulassenhiununkvpllbyj/SourcePackages/checkouts/google-api-objectivec-client-for-rest/Sources/GeneratedServices/Drive/Public -Xcc -I/Users/manyo/Library/Developer/Xcode/DerivedData/GD-MangaReader-ensqrvkulassenhiununkvpllbyj/Build/Products/Debug-iphonesimulator/include -Xcc -I/Users/manyo/Library/Developer/Xcode/DerivedData/GD-MangaReader-ensqrvkulassenhiununkvpllbyj/Build/Intermediates.noindex/GD-MangaReader.build/Debug-iphonesimulator/GD-MangaReader.build/DerivedSources-normal/arm64 -Xcc -I/Users/manyo/Library/Developer/Xcode/DerivedData/GD-MangaReader-ensqrvkulassenhiununkvpllbyj/Build/Intermediates.noindex/GD-MangaReader.build/Debug-iphonesimulator/GD-MangaReader.build/DerivedSources/arm64 -Xcc -I/Users/manyo/Library/Developer/Xcode/DerivedData/GD-MangaReader-ensqrvkulassenhiununkvpllbyj/Build/Intermediates.noindex/GD-MangaReader.build/Debug-iphonesimulator/GD-MangaReader.build/DerivedSources -Xcc -DDEBUG\=1 -emit-objc-header -emit-objc-header-path /Users/manyo/Library/Developer/Xcode/DerivedData/GD-MangaReader-ensqrvkulassenhiununkvpllbyj/Build/Intermediates.noindex/GD-MangaReader.build/Debug-iphonesimulator/GD-MangaReader.build/Objects-normal/arm64/GD_MangaReader-Swift.h -working-directory /Users/manyo/Desktop/develop/google-drive-manga-reader/GD-MangaReader -experimental-emit-module-separately -disable-cmo

SwiftCompile normal arm64 Compiling\ LibraryView.swift /Users/manyo/Desktop/develop/google-drive-manga-reader/GD-MangaReader/GD-MangaReader/Views/LibraryView.swift (in target 'GD-MangaReader' from project 'GD-MangaReader')

SwiftCompile normal arm64 /Users/manyo/Desktop/develop/google-drive-manga-reader/GD-MangaReader/GD-MangaReader/Views/LibraryView.swift (in target 'GD-MangaReader' from project 'GD-MangaReader')
    cd /Users/manyo/Desktop/develop/google-drive-manga-reader/GD-MangaReader
    
Command SwiftCompile failed with a nonzero exit code

/Applications/Xcode.app/Contents/Developer/Toolchains/XcodeDefault.xctoolchain/usr/bin/swift-frontend -frontend -c /Users/manyo/Desktop/develop/google-drive-manga-reader/GD-MangaReader/GD-MangaReader/Services/ArchiveService.swift /Users/manyo/Desktop/develop/google-drive-manga-reader/GD-MangaReader/GD-MangaReader/ViewModels/AuthViewModel.swift /Users/manyo/Desktop/develop/google-drive-manga-reader/GD-MangaReader/GD-MangaReader/Models/ComicSource.swift /Users/manyo/Desktop/develop/google-drive-manga-reader/GD-MangaReader/GD-MangaReader/App/Config.swift /Users/manyo/Desktop/develop/google-drive-manga-reader/GD-MangaReader/GD-MangaReader/Views/DownloadSheet.swift /Users/manyo/Desktop/develop/google-drive-manga-reader/GD-MangaReader/GD-MangaReader/ViewModels/DownloaderViewModel.swift /Users/manyo/Desktop/develop/google-drive-manga-reader/GD-MangaReader/GD-MangaReader/Models/DriveItem.swift /Users/manyo/Desktop/develop/google-drive-manga-reader/GD-MangaReader/GD-MangaReader/Services/DriveService.swift /Users/manyo/Desktop/develop/google-drive-manga-reader/GD-MangaReader/GD-MangaReader/App/GD_MangaReaderApp.swift -primary-file /Users/manyo/Desktop/develop/google-drive-manga-reader/GD-MangaReader/GD-MangaReader/Views/LibraryView.swift /Users/manyo/Desktop/develop/google-drive-manga-reader/GD-MangaReader/GD-MangaReader/ViewModels/LibraryViewModel.swift /Users/manyo/Desktop/develop/google-drive-manga-reader/GD-MangaReader/GD-MangaReader/Models/LocalComic.swift /Users/manyo/Desktop/develop/google-drive-manga-reader/GD-MangaReader/GD-MangaReader/Services/LocalStorageService.swift /Users/manyo/Desktop/develop/google-drive-manga-reader/GD-MangaReader/GD-MangaReader/Views/LoginView.swift /Users/manyo/Desktop/develop/google-drive-manga-reader/GD-MangaReader/GD-MangaReader/Views/ReaderView.swift /Users/manyo/Desktop/develop/google-drive-manga-reader/GD-MangaReader/GD-MangaReader/Views/StorageManagementView.swift /Users/manyo/Desktop/develop/google-drive-manga-reader/GD-MangaReader/GD-MangaReader/ViewModels/StorageViewModel.swift /Users/manyo/Library/Developer/Xcode/DerivedData/GD-MangaReader-ensqrvkulassenhiununkvpllbyj/Build/Intermediates.noindex/GD-MangaReader.build/Debug-iphonesimulator/GD-MangaReader.build/DerivedSources/GeneratedAssetSymbols.swift -emit-dependencies-path /Users/manyo/Library/Developer/Xcode/DerivedData/GD-MangaReader-ensqrvkulassenhiununkvpllbyj/Build/Intermediates.noindex/GD-MangaReader.build/Debug-iphonesimulator/GD-MangaReader.build/Objects-normal/arm64/LibraryView.d -emit-const-values-path /Users/manyo/Library/Developer/Xcode/DerivedData/GD-MangaReader-ensqrvkulassenhiununkvpllbyj/Build/Intermediates.noindex/GD-MangaReader.build/Debug-iphonesimulator/GD-MangaReader.build/Objects-normal/arm64/LibraryView.swiftconstvalues -emit-reference-dependencies-path /Users/manyo/Library/Developer/Xcode/DerivedData/GD-MangaReader-ensqrvkulassenhiununkvpllbyj/Build/Intermediates.noindex/GD-MangaReader.build/Debug-iphonesimulator/GD-MangaReader.build/Objects-normal/arm64/LibraryView.swiftdeps -serialize-diagnostics-path /Users/manyo/Library/Developer/Xcode/DerivedData/GD-MangaReader-ensqrvkulassenhiununkvpllbyj/Build/Intermediates.noindex/GD-MangaReader.build/Debug-iphonesimulator/GD-MangaReader.build/Objects-normal/arm64/LibraryView.dia -target arm64-apple-ios17.0-simulator -module-can-import-version DeveloperToolsSupport 23.0.4 23.0.4 -load-resolved-plugin /Applications/Xcode.app/Contents/Developer/Platforms/iPhoneOS.platform/Developer/usr/lib/swift/host/plugins/libFoundationMacros.dylib\#/Applications/Xcode.app/Contents/Developer/Platforms/iPhoneOS.platform/Developer/usr/bin/swift-plugin-server\#FoundationMacros -load-resolved-plugin /Applications/Xcode.app/Contents/Developer/Platforms/iPhoneOS.platform/Developer/usr/lib/swift/host/plugins/libObservationMacros.dylib\#/Applications/Xcode.app/Contents/Developer/Platforms/iPhoneOS.platform/Developer/usr/bin/swift-plugin-server\#ObservationMacros -load-resolved-plugin /Applications/Xcode.app/Contents/Developer/Platforms/iPhoneOS.platform/Developer/usr/lib/swift/host/plugins/libPreviewsMacros.dylib\#/Applications/Xcode.app/Contents/Developer/Platforms/iPhoneOS.platform/Developer/usr/bin/swift-plugin-server\#PreviewsMacros -load-resolved-plugin /Applications/Xcode.app/Contents/Developer/Platforms/iPhoneOS.platform/Developer/usr/lib/swift/host/plugins/libSwiftMacros.dylib\#/Applications/Xcode.app/Contents/Developer/Platforms/iPhoneOS.platform/Developer/usr/bin/swift-plugin-server\#SwiftMacros -load-resolved-plugin /Applications/Xcode.app/Contents/Developer/Platforms/iPhoneOS.platform/Developer/usr/lib/swift/host/plugins/libSwiftUIMacros.dylib\#/Applications/Xcode.app/Contents/Developer/Platforms/iPhoneOS.platform/Developer/usr/bin/swift-plugin-server\#SwiftUIMacros -load-resolved-plugin /Applications/Xcode.app/Contents/Developer/Platforms/iPhoneOS.platform/Developer/usr/lib/swift/host/plugins/libTipKitMacros.dylib\#/Applications/Xcode.app/Contents/Developer/Platforms/iPhoneOS.platform/Developer/usr/bin/swift-plugin-server\#TipKitMacros -disable-implicit-swift-modules -Xcc -fno-implicit-modules -Xcc -fno-implicit-module-maps -explicit-swift-module-map-file /Users/manyo/Library/Developer/Xcode/DerivedData/GD-MangaReader-ensqrvkulassenhiununkvpllbyj/Build/Intermediates.noindex/GD-MangaReader.build/Debug-iphonesimulator/GD-MangaReader.build/Objects-normal/arm64/GD_MangaReader-dependencies-1.json -Xllvm -aarch64-use-tbi -enable-objc-interop -sdk /Applications/Xcode.app/Contents/Developer/Platforms/iPhoneSimulator.platform/Developer/SDKs/iPhoneSimulator26.2.sdk -I /Users/manyo/Library/Developer/Xcode/DerivedData/GD-MangaReader-ensqrvkulassenhiununkvpllbyj/Build/Products/Debug-iphonesimulator -F /Users/manyo/Library/Developer/Xcode/DerivedData/GD-MangaReader-ensqrvkulassenhiununkvpllbyj/Build/Products/Debug-iphonesimulator/PackageFrameworks -F /Users/manyo/Library/Developer/Xcode/DerivedData/GD-MangaReader-ensqrvkulassenhiununkvpllbyj/Build/Products/Debug-iphonesimulator/PackageFrameworks -F /Users/manyo/Library/Developer/Xcode/DerivedData/GD-MangaReader-ensqrvkulassenhiununkvpllbyj/Build/Products/Debug-iphonesimulator/PackageFrameworks -F /Users/manyo/Library/Developer/Xcode/DerivedData/GD-MangaReader-ensqrvkulassenhiununkvpllbyj/Build/Products/Debug-iphonesimulator/PackageFrameworks -F /Users/manyo/Library/Developer/Xcode/DerivedData/GD-MangaReader-ensqrvkulassenhiununkvpllbyj/Build/Products/Debug-iphonesimulator/PackageFrameworks -F /Users/manyo/Library/Developer/Xcode/DerivedData/GD-MangaReader-ensqrvkulassenhiununkvpllbyj/Build/Products/Debug-iphonesimulator/PackageFrameworks -F /Users/manyo/Library/Developer/Xcode/DerivedData/GD-MangaReader-ensqrvkulassenhiununkvpllbyj/Build/Products/Debug-iphonesimulator/PackageFrameworks -F /Users/manyo/Library/Developer/Xcode/DerivedData/GD-MangaReader-ensqrvkulassenhiununkvpllbyj/Build/Products/Debug-iphonesimulator/PackageFrameworks -F /Users/manyo/Library/Developer/Xcode/DerivedData/GD-MangaReader-ensqrvkulassenhiununkvpllbyj/Build/Products/Debug-iphonesimulator/PackageFrameworks -F /Users/manyo/Library/Developer/Xcode/DerivedData/GD-MangaReader-ensqrvkulassenhiununkvpllbyj/Build/Products/Debug-iphonesimulator/PackageFrameworks -F /Users/manyo/Library/Developer/Xcode/DerivedData/GD-MangaReader-ensqrvkulassenhiununkvpllbyj/Build/Products/Debug-iphonesimulator/PackageFrameworks -F /Users/manyo/Library/Developer/Xcode/DerivedData/GD-MangaReader-ensqrvkulassenhiununkvpllbyj/Build/Products/Debug-iphonesimulator/PackageFrameworks -F /Users/manyo/Library/Developer/Xcode/DerivedData/GD-MangaReader-ensqrvkulassenhiununkvpllbyj/Build/Products/Debug-iphonesimulator/PackageFrameworks -F /Users/manyo/Library/Developer/Xcode/DerivedData/GD-MangaReader-ensqrvkulassenhiununkvpllbyj/Build/Products/Debug-iphonesimulator/PackageFrameworks -F /Users/manyo/Library/Developer/Xcode/DerivedData/GD-MangaReader-ensqrvkulassenhiununkvpllbyj/Build/Products/Debug-iphonesimulator/PackageFrameworks -F /Users/manyo/Library/Developer/Xcode/DerivedData/GD-MangaReader-ensqrvkulassenhiununkvpllbyj/Build/Products/Debug-iphonesimulator/PackageFrameworks -F /Users/manyo/Library/Developer/Xcode/DerivedData/GD-MangaReader-ensqrvkulassenhiununkvpllbyj/Build/Products/Debug-iphonesimulator/PackageFrameworks -F /Users/manyo/Library/Developer/Xcode/DerivedData/GD-MangaReader-ensqrvkulassenhiununkvpllbyj/Build/Products/Debug-iphonesimulator -no-color-diagnostics -Xcc -fno-color-diagnostics -enable-testing -g -debug-info-format\=dwarf -dwarf-version\=4 -module-cache-path /Users/manyo/Library/Developer/Xcode/DerivedData/GD-MangaReader-ensqrvkulassenhiununkvpllbyj/Build/Intermediates.noindex/SwiftExplicitPrecompiledModules -swift-version 5 -enforce-exclusivity\=checked -Onone -D DEBUG -serialize-debugging-options -const-gather-protocols-file /Users/manyo/Library/Developer/Xcode/DerivedData/GD-MangaReader-ensqrvkulassenhiununkvpllbyj/Build/Intermediates.noindex/GD-MangaReader.build/Debug-iphonesimulator/GD-MangaReader.build/Objects-normal/arm64/GD-MangaReader_const_extract_protocols.json -enable-experimental-feature DebugDescriptionMacro -enable-bare-slash-regex -empty-abi-descriptor -validate-clang-modules-once -clang-build-session-file /Users/manyo/Library/Developer/Xcode/DerivedData/ModuleCache.noindex/Session.modulevalidation -Xcc -working-directory -Xcc /Users/manyo/Desktop/develop/google-drive-manga-reader/GD-MangaReader -enable-anonymous-context-mangled-names -file-compilation-dir /Users/manyo/Desktop/develop/google-drive-manga-reader/GD-MangaReader -Xcc -fmodule-map-file\=/Users/manyo/Library/Developer/Xcode/DerivedData/GD-MangaReader-ensqrvkulassenhiununkvpllbyj/Build/Intermediates.noindex/GeneratedModuleMaps-iphonesimulator/AppAuth.modulemap -Xcc -fmodule-map-file\=/Users/manyo/Library/Developer/Xcode/DerivedData/GD-MangaReader-ensqrvkulassenhiununkvpllbyj/Build/Intermediates.noindex/GeneratedModuleMaps-iphonesimulator/AppAuthCore.modulemap -Xcc -fmodule-map-file\=/Users/manyo/Library/Developer/Xcode/DerivedData/GD-MangaReader-ensqrvkulassenhiununkvpllbyj/Build/Intermediates.noindex/GeneratedModuleMaps-iphonesimulator/GoogleUtilities-Logger.modulemap -Xcc -fmodule-map-file\=/Users/manyo/Library/Developer/Xcode/DerivedData/GD-MangaReader-ensqrvkulassenhiununkvpllbyj/Build/Intermediates.noindex/GeneratedModuleMaps-iphonesimulator/GoogleUtilities-Environment.modulemap -Xcc -fmodule-map-file\=/Users/manyo/Library/Developer/Xcode/DerivedData/GD-MangaReader-ensqrvkulassenhiununkvpllbyj/Build/Intermediates.noindex/GeneratedModuleMaps-iphonesimulator/third-party-IsAppEncrypted.modulemap -Xcc -fmodule-map-file\=/Users/manyo/Library/Developer/Xcode/DerivedData/GD-MangaReader-ensqrvkulassenhiununkvpllbyj/Build/Intermediates.noindex/GeneratedModuleMaps-iphonesimulator/GoogleUtilities-UserDefaults.modulemap -Xcc -fmodule-map-file\=/Users/manyo/Library/Developer/Xcode/DerivedData/GD-MangaReader-ensqrvkulassenhiununkvpllbyj/Build/Intermediates.noindex/GeneratedModuleMaps-iphonesimulator/AppCheckCore.modulemap -Xcc -fmodule-map-file\=/Users/manyo/Library/Developer/Xcode/DerivedData/GD-MangaReader-ensqrvkulassenhiununkvpllbyj/Build/Intermediates.noindex/GeneratedModuleMaps-iphonesimulator/GoogleSignIn.modulemap -Xcc -fmodule-map-file\=/Users/manyo/Library/Developer/Xcode/DerivedData/GD-MangaReader-ensqrvkulassenhiununkvpllbyj/Build/Intermediates.noindex/GeneratedModuleMaps-iphonesimulator/GTMSessionFetcherCore.modulemap -Xcc -fmodule-map-file\=/Users/manyo/Library/Developer/Xcode/DerivedData/GD-MangaReader-ensqrvkulassenhiununkvpllbyj/Build/Intermediates.noindex/GeneratedModuleMaps-iphonesimulator/GTMSessionFetcherFull.modulemap -Xcc -fmodule-map-file\=/Users/manyo/Library/Developer/Xcode/DerivedData/GD-MangaReader-ensqrvkulassenhiununkvpllbyj/Build/Intermediates.noindex/GeneratedModuleMaps-iphonesimulator/GoogleAPIClientForRESTCore.modulemap -Xcc -fmodule-map-file\=/Users/manyo/Library/Developer/Xcode/DerivedData/GD-MangaReader-ensqrvkulassenhiununkvpllbyj/Build/Intermediates.noindex/GeneratedModuleMaps-iphonesimulator/GoogleAPIClientForREST_Drive.modulemap -Xcc -D_LIBCPP_HARDENING_MODE\=_LIBCPP_HARDENING_MODE_DEBUG -Xcc -ivfsstatcache -Xcc /Users/manyo/Library/Developer/Xcode/DerivedData/SDKStatCaches.noindex/iphonesimulator26.2-23C53-7d00a8b37fbd7999ea79df8ebc024bf0.sdkstatcache -Xcc -I/Users/manyo/Library/Developer/Xcode/DerivedData/GD-MangaReader-ensqrvkulassenhiununkvpllbyj/Build/Intermediates.noindex/GD-MangaReader.build/Debug-iphonesimulator/GD-MangaReader.build/swift-overrides.hmap -Xcc -iquote -Xcc /Users/manyo/Library/Developer/Xcode/DerivedData/GD-MangaReader-ensqrvkulassenhiununkvpllbyj/Build/Intermediates.noindex/GD-MangaReader.build/Debug-iphonesimulator/GD-MangaReader.build/GD-MangaReader-generated-files.hmap -Xcc -I/Users/manyo/Library/Developer/Xcode/DerivedData/GD-MangaReader-ensqrvkulassenhiununkvpllbyj/Build/Intermediates.noindex/GD-MangaReader.build/Debug-iphonesimulator/GD-MangaReader.build/GD-MangaReader-own-target-headers.hmap -Xcc -I/Users/manyo/Library/Developer/Xcode/DerivedData/GD-MangaReader-ensqrvkulassenhiununkvpllbyj/Build/Intermediates.noindex/GD-MangaReader.build/Debug-iphonesimulator/GD-MangaReader.build/GD-MangaReader-all-non-framework-target-headers.hmap -Xcc -ivfsoverlay -Xcc /Users/manyo/Library/Developer/Xcode/DerivedData/GD-MangaReader-ensqrvkulassenhiununkvpllbyj/Build/Intermediates.noindex/GD-MangaReader.build/Debug-iphonesimulator/GD-MangaReader-955b0d1932e3acf7e6c65ad2fbabda61-VFS-iphonesimulator/all-product-headers.yaml -Xcc -iquote -Xcc /Users/manyo/Library/Developer/Xcode/DerivedData/GD-MangaReader-ensqrvkulassenhiununkvpllbyj/Build/Intermediates.noindex/GD-MangaReader.build/Debug-iphonesimulator/GD-MangaReader.build/GD-MangaReader-project-headers.hmap -Xcc -I/Users/manyo/Library/Developer/Xcode/DerivedData/GD-MangaReader-ensqrvkulassenhiununkvpllbyj/SourcePackages/checkouts/AppAuth-iOS/Sources/AppAuth -Xcc -I/Users/manyo/Library/Developer/Xcode/DerivedData/GD-MangaReader-ensqrvkulassenhiununkvpllbyj/SourcePackages/checkouts/AppAuth-iOS/Sources/AppAuthCore -Xcc -I/Users/manyo/Library/Developer/Xcode/DerivedData/GD-MangaReader-ensqrvkulassenhiununkvpllbyj/SourcePackages/checkouts/promises/Sources/FBLPromises/include -Xcc -I/Users/manyo/Library/Developer/Xcode/DerivedData/GD-MangaReader-ensqrvkulassenhiununkvpllbyj/SourcePackages/checkouts/GoogleUtilities/GoogleUtilities/Logger/Public -Xcc -I/Users/manyo/Library/Developer/Xcode/DerivedData/GD-MangaReader-ensqrvkulassenhiununkvpllbyj/SourcePackages/checkouts/GoogleUtilities/GoogleUtilities/Environment/Public -Xcc -I/Users/manyo/Library/Developer/Xcode/DerivedData/GD-MangaReader-ensqrvkulassenhiununkvpllbyj/SourcePackages/checkouts/GoogleUtilities/third_party/IsAppEncrypted/Public -Xcc -I/Users/manyo/Library/Developer/Xcode/DerivedData/GD-MangaReader-ensqrvkulassenhiununkvpllbyj/SourcePackages/checkouts/GoogleUtilities/GoogleUtilities/UserDefaults/Public -Xcc -I/Users/manyo/Library/Developer/Xcode/DerivedData/GD-MangaReader-ensqrvkulassenhiununkvpllbyj/SourcePackages/checkouts/app-check/AppCheckCore/Sources/Public -Xcc -I/Users/manyo/Library/Developer/Xcode/DerivedData/GD-MangaReader-ensqrvkulassenhiununkvpllbyj/SourcePackages/checkouts/GoogleSignIn-iOS/GoogleSignIn/Sources/Public -Xcc -I/Users/manyo/Library/Developer/Xcode/DerivedData/GD-MangaReader-ensqrvkulassenhiununkvpllbyj/SourcePackages/checkouts/gtm-session-fetcher/Sources/Core/Public -Xcc -I/Users/manyo/Library/Developer/Xcode/DerivedData/GD-MangaReader-ensqrvkulassenhiununkvpllbyj/SourcePackages/checkouts/gtm-session-fetcher/Sources/Full/Public -Xcc -I/Users/manyo/Library/Developer/Xcode/DerivedData/GD-MangaReader-ensqrvkulassenhiununkvpllbyj/SourcePackages/checkouts/google-api-objectivec-client-for-rest/Sources/Core/Public -Xcc -I/Users/manyo/Library/Developer/Xcode/DerivedData/GD-MangaReader-ensqrvkulassenhiununkvpllbyj/SourcePackages/checkouts/google-api-objectivec-client-for-rest/Sources/GeneratedServices/Drive/Public -Xcc -I/Users/manyo/Library/Developer/Xcode/DerivedData/GD-MangaReader-ensqrvkulassenhiununkvpllbyj/Build/Products/Debug-iphonesimulator/include -Xcc -I/Users/manyo/Library/Developer/Xcode/DerivedData/GD-MangaReader-ensqrvkulassenhiununkvpllbyj/Build/Intermediates.noindex/GD-MangaReader.build/Debug-iphonesimulator/GD-MangaReader.build/DerivedSources-normal/arm64 -Xcc -I/Users/manyo/Library/Developer/Xcode/DerivedData/GD-MangaReader-ensqrvkulassenhiununkvpllbyj/Build/Intermediates.noindex/GD-MangaReader.build/Debug-iphonesimulator/GD-MangaReader.build/DerivedSources/arm64 -Xcc -I/Users/manyo/Library/Developer/Xcode/DerivedData/GD-MangaReader-ensqrvkulassenhiununkvpllbyj/Build/Intermediates.noindex/GD-MangaReader.build/Debug-iphonesimulator/GD-MangaReader.build/DerivedSources -Xcc -DDEBUG\=1 -no-auto-bridging-header-chaining -module-name GD_MangaReader -frontend-parseable-output -disable-clang-spi -target-sdk-version 26.2 -target-sdk-name iphonesimulator26.2 -clang-target arm64-apple-ios26.2-simulator -in-process-plugin-server-path /Applications/Xcode.app/Contents/Developer/Toolchains/XcodeDefault.xctoolchain/usr/lib/swift/host/libSwiftInProcPluginServer.dylib -o /Users/manyo/Library/Developer/Xcode/DerivedData/GD-MangaReader-ensqrvkulassenhiununkvpllbyj/Build/Intermediates.noindex/GD-MangaReader.build/Debug-iphonesimulator/GD-MangaReader.build/Objects-normal/arm64/LibraryView.o -index-unit-output-path /GD-MangaReader.build/Debug-iphonesimulator/GD-MangaReader.build/Objects-normal/arm64/LibraryView.o -index-store-path /Users/manyo/Library/Developer/Xcode/DerivedData/GD-MangaReader-ensqrvkulassenhiununkvpllbyj/Index.noindex/DataStore -index-system-modules
Assertion failed: (inserted), function recordOpenedType at TypeOfReference.cpp:656.
(to display assertion configuration options: -Xllvm -assert-help)
Please submit a bug report (https://swift.org/contributing/#reporting-bugs) and include the crash backtrace.
Stack dump:
0.	Program arguments: /Applications/Xcode.app/Contents/Developer/Toolchains/XcodeDefault.xctoolchain/usr/bin/swift-frontend -frontend -c /Users/manyo/Desktop/develop/google-drive-manga-reader/GD-MangaReader/GD-MangaReader/Services/ArchiveService.swift /Users/manyo/Desktop/develop/google-drive-manga-reader/GD-MangaReader/GD-MangaReader/ViewModels/AuthViewModel.swift /Users/manyo/Desktop/develop/google-drive-manga-reader/GD-MangaReader/GD-MangaReader/Models/ComicSource.swift /Users/manyo/Desktop/develop/google-drive-manga-reader/GD-MangaReader/GD-MangaReader/App/Config.swift /Users/manyo/Desktop/develop/google-drive-manga-reader/GD-MangaReader/GD-MangaReader/Views/DownloadSheet.swift /Users/manyo/Desktop/develop/google-drive-manga-reader/GD-MangaReader/GD-MangaReader/ViewModels/DownloaderViewModel.swift /Users/manyo/Desktop/develop/google-drive-manga-reader/GD-MangaReader/GD-MangaReader/Models/DriveItem.swift /Users/manyo/Desktop/develop/google-drive-manga-reader/GD-MangaReader/GD-MangaReader/Services/DriveService.swift /Users/manyo/Desktop/develop/google-drive-manga-reader/GD-MangaReader/GD-MangaReader/App/GD_MangaReaderApp.swift -primary-file /Users/manyo/Desktop/develop/google-drive-manga-reader/GD-MangaReader/GD-MangaReader/Views/LibraryView.swift /Users/manyo/Desktop/develop/google-drive-manga-reader/GD-MangaReader/GD-MangaReader/ViewModels/LibraryViewModel.swift /Users/manyo/Desktop/develop/google-drive-manga-reader/GD-MangaReader/GD-MangaReader/Models/LocalComic.swift /Users/manyo/Desktop/develop/google-drive-manga-reader/GD-MangaReader/GD-MangaReader/Services/LocalStorageService.swift /Users/manyo/Desktop/develop/google-drive-manga-reader/GD-MangaReader/GD-MangaReader/Views/LoginView.swift /Users/manyo/Desktop/develop/google-drive-manga-reader/GD-MangaReader/GD-MangaReader/Views/ReaderView.swift /Users/manyo/Desktop/develop/google-drive-manga-reader/GD-MangaReader/GD-MangaReader/Views/StorageManagementView.swift /Users/manyo/Desktop/develop/google-drive-manga-reader/GD-MangaReader/GD-MangaReader/ViewModels/StorageViewModel.swift /Users/manyo/Library/Developer/Xcode/DerivedData/GD-MangaReader-ensqrvkulassenhiununkvpllbyj/Build/Intermediates.noindex/GD-MangaReader.build/Debug-iphonesimulator/GD-MangaReader.build/DerivedSources/GeneratedAssetSymbols.swift -emit-dependencies-path /Users/manyo/Library/Developer/Xcode/DerivedData/GD-MangaReader-ensqrvkulassenhiununkvpllbyj/Build/Intermediates.noindex/GD-MangaReader.build/Debug-iphonesimulator/GD-MangaReader.build/Objects-normal/arm64/LibraryView.d -emit-const-values-path /Users/manyo/Library/Developer/Xcode/DerivedData/GD-MangaReader-ensqrvkulassenhiununkvpllbyj/Build/Intermediates.noindex/GD-MangaReader.build/Debug-iphonesimulator/GD-MangaReader.build/Objects-normal/arm64/LibraryView.swiftconstvalues -emit-reference-dependencies-path /Users/manyo/Library/Developer/Xcode/DerivedData/GD-MangaReader-ensqrvkulassenhiununkvpllbyj/Build/Intermediates.noindex/GD-MangaReader.build/Debug-iphonesimulator/GD-MangaReader.build/Objects-normal/arm64/LibraryView.swiftdeps -serialize-diagnostics-path /Users/manyo/Library/Developer/Xcode/DerivedData/GD-MangaReader-ensqrvkulassenhiununkvpllbyj/Build/Intermediates.noindex/GD-MangaReader.build/Debug-iphonesimulator/GD-MangaReader.build/Objects-normal/arm64/LibraryView.dia -target arm64-apple-ios17.0-simulator -module-can-import-version DeveloperToolsSupport 23.0.4 23.0.4 -load-resolved-plugin /Applications/Xcode.app/Contents/Developer/Platforms/iPhoneOS.platform/Developer/usr/lib/swift/host/plugins/libFoundationMacros.dylib#/Applications/Xcode.app/Contents/Developer/Platforms/iPhoneOS.platform/Developer/usr/bin/swift-plugin-server#FoundationMacros -load-resolved-plugin /Applications/Xcode.app/Contents/Developer/Platforms/iPhoneOS.platform/Developer/usr/lib/swift/host/plugins/libObservationMacros.dylib#/Applications/Xcode.app/Contents/Developer/Platforms/iPhoneOS.platform/Developer/usr/bin/swift-plugin-server#ObservationMacros -load-resolved-plugin /Applications/Xcode.app/Contents/Developer/Platforms/iPhoneOS.platform/Developer/usr/lib/swift/host/plugins/libPreviewsMacros.dylib#/Applications/Xcode.app/Contents/Developer/Platforms/iPhoneOS.platform/Developer/usr/bin/swift-plugin-server#PreviewsMacros -load-resolved-plugin /Applications/Xcode.app/Contents/Developer/Platforms/iPhoneOS.platform/Developer/usr/lib/swift/host/plugins/libSwiftMacros.dylib#/Applications/Xcode.app/Contents/Developer/Platforms/iPhoneOS.platform/Developer/usr/bin/swift-plugin-server#SwiftMacros -load-resolved-plugin /Applications/Xcode.app/Contents/Developer/Platforms/iPhoneOS.platform/Developer/usr/lib/swift/host/plugins/libSwiftUIMacros.dylib#/Applications/Xcode.app/Contents/Developer/Platforms/iPhoneOS.platform/Developer/usr/bin/swift-plugin-server#SwiftUIMacros -load-resolved-plugin /Applications/Xcode.app/Contents/Developer/Platforms/iPhoneOS.platform/Developer/usr/lib/swift/host/plugins/libTipKitMacros.dylib#/Applications/Xcode.app/Contents/Developer/Platforms/iPhoneOS.platform/Developer/usr/bin/swift-plugin-server#TipKitMacros -disable-implicit-swift-modules -Xcc -fno-implicit-modules -Xcc -fno-implicit-module-maps -explicit-swift-module-map-file /Users/manyo/Library/Developer/Xcode/DerivedData/GD-MangaReader-ensqrvkulassenhiununkvpllbyj/Build/Intermediates.noindex/GD-MangaReader.build/Debug-iphonesimulator/GD-MangaReader.build/Objects-normal/arm64/GD_MangaReader-dependencies-1.json -Xllvm -aarch64-use-tbi -enable-objc-interop -sdk /Applications/Xcode.app/Contents/Developer/Platforms/iPhoneSimulator.platform/Developer/SDKs/iPhoneSimulator26.2.sdk -I /Users/manyo/Library/Developer/Xcode/DerivedData/GD-MangaReader-ensqrvkulassenhiununkvpllbyj/Build/Products/Debug-iphonesimulator -F /Users/manyo/Library/Developer/Xcode/DerivedData/GD-MangaReader-ensqrvkulassenhiununkvpllbyj/Build/Products/Debug-iphonesimulator/PackageFrameworks -F /Users/manyo/Library/Developer/Xcode/DerivedData/GD-MangaReader-ensqrvkulassenhiununkvpllbyj/Build/Products/Debug-iphonesimulator/PackageFrameworks -F /Users/manyo/Library/Developer/Xcode/DerivedData/GD-MangaReader-ensqrvkulassenhiununkvpllbyj/Build/Products/Debug-iphonesimulator/PackageFrameworks -F /Users/manyo/Library/Developer/Xcode/DerivedData/GD-MangaReader-ensqrvkulassenhiununkvpllbyj/Build/Products/Debug-iphonesimulator/PackageFrameworks -F /Users/manyo/Library/Developer/Xcode/DerivedData/GD-MangaReader-ensqrvkulassenhiununkvpllbyj/Build/Products/Debug-iphonesimulator/PackageFrameworks -F /Users/manyo/Library/Developer/Xcode/DerivedData/GD-MangaReader-ensqrvkulassenhiununkvpllbyj/Build/Products/Debug-iphonesimulator/PackageFrameworks -F /Users/manyo/Library/Developer/Xcode/DerivedData/GD-MangaReader-ensqrvkulassenhiununkvpllbyj/Build/Products/Debug-iphonesimulator/PackageFrameworks -F /Users/manyo/Library/Developer/Xcode/DerivedData/GD-MangaReader-ensqrvkulassenhiununkvpllbyj/Build/Products/Debug-iphonesimulator/PackageFrameworks -F /Users/manyo/Library/Developer/Xcode/DerivedData/GD-MangaReader-ensqrvkulassenhiununkvpllbyj/Build/Products/Debug-iphonesimulator/PackageFrameworks -F /Users/manyo/Library/Developer/Xcode/DerivedData/GD-MangaReader-ensqrvkulassenhiununkvpllbyj/Build/Products/Debug-iphonesimulator/PackageFrameworks -F /Users/manyo/Library/Developer/Xcode/DerivedData/GD-MangaReader-ensqrvkulassenhiununkvpllbyj/Build/Products/Debug-iphonesimulator/PackageFrameworks -F /Users/manyo/Library/Developer/Xcode/DerivedData/GD-MangaReader-ensqrvkulassenhiununkvpllbyj/Build/Products/Debug-iphonesimulator/PackageFrameworks -F /Users/manyo/Library/Developer/Xcode/DerivedData/GD-MangaReader-ensqrvkulassenhiununkvpllbyj/Build/Products/Debug-iphonesimulator/PackageFrameworks -F /Users/manyo/Library/Developer/Xcode/DerivedData/GD-MangaReader-ensqrvkulassenhiununkvpllbyj/Build/Products/Debug-iphonesimulator/PackageFrameworks -F /Users/manyo/Library/Developer/Xcode/DerivedData/GD-MangaReader-ensqrvkulassenhiununkvpllbyj/Build/Products/Debug-iphonesimulator/PackageFrameworks -F /Users/manyo/Library/Developer/Xcode/DerivedData/GD-MangaReader-ensqrvkulassenhiununkvpllbyj/Build/Products/Debug-iphonesimulator/PackageFrameworks -F /Users/manyo/Library/Developer/Xcode/DerivedData/GD-MangaReader-ensqrvkulassenhiununkvpllbyj/Build/Products/Debug-iphonesimulator/PackageFrameworks -F /Users/manyo/Library/Developer/Xcode/DerivedData/GD-MangaReader-ensqrvkulassenhiununkvpllbyj/Build/Products/Debug-iphonesimulator -no-color-diagnostics -Xcc -fno-color-diagnostics -enable-testing -g -debug-info-format=dwarf -dwarf-version=4 -module-cache-path /Users/manyo/Library/Developer/Xcode/DerivedData/GD-MangaReader-ensqrvkulassenhiununkvpllbyj/Build/Intermediates.noindex/SwiftExplicitPrecompiledModules -swift-version 5 -enforce-exclusivity=checked -Onone -D DEBUG -serialize-debugging-options -const-gather-protocols-file /Users/manyo/Library/Developer/Xcode/DerivedData/GD-MangaReader-ensqrvkulassenhiununkvpllbyj/Build/Intermediates.noindex/GD-MangaReader.build/Debug-iphonesimulator/GD-MangaReader.build/Objects-normal/arm64/GD-MangaReader_const_extract_protocols.json -enable-experimental-feature DebugDescriptionMacro -enable-bare-slash-regex -empty-abi-descriptor -validate-clang-modules-once -clang-build-session-file /Users/manyo/Library/Developer/Xcode/DerivedData/ModuleCache.noindex/Session.modulevalidation -Xcc -working-directory -Xcc /Users/manyo/Desktop/develop/google-drive-manga-reader/GD-MangaReader -enable-anonymous-context-mangled-names -file-compilation-dir /Users/manyo/Desktop/develop/google-drive-manga-reader/GD-MangaReader -Xcc -fmodule-map-file=/Users/manyo/Library/Developer/Xcode/DerivedData/GD-MangaReader-ensqrvkulassenhiununkvpllbyj/Build/Intermediates.noindex/GeneratedModuleMaps-iphonesimulator/AppAuth.modulemap -Xcc -fmodule-map-file=/Users/manyo/Library/Developer/Xcode/DerivedData/GD-MangaReader-ensqrvkulassenhiununkvpllbyj/Build/Intermediates.noindex/GeneratedModuleMaps-iphonesimulator/AppAuthCore.modulemap -Xcc -fmodule-map-file=/Users/manyo/Library/Developer/Xcode/DerivedData/GD-MangaReader-ensqrvkulassenhiununkvpllbyj/Build/Intermediates.noindex/GeneratedModuleMaps-iphonesimulator/GoogleUtilities-Logger.modulemap -Xcc -fmodule-map-file=/Users/manyo/Library/Developer/Xcode/DerivedData/GD-MangaReader-ensqrvkulassenhiununkvpllbyj/Build/Intermediates.noindex/GeneratedModuleMaps-iphonesimulator/GoogleUtilities-Environment.modulemap -Xcc -fmodule-map-file=/Users/manyo/Library/Developer/Xcode/DerivedData/GD-MangaReader-ensqrvkulassenhiununkvpllbyj/Build/Intermediates.noindex/GeneratedModuleMaps-iphonesimulator/third-party-IsAppEncrypted.modulemap -Xcc -fmodule-map-file=/Users/manyo/Library/Developer/Xcode/DerivedData/GD-MangaReader-ensqrvkulassenhiununkvpllbyj/Build/Intermediates.noindex/GeneratedModuleMaps-iphonesimulator/GoogleUtilities-UserDefaults.modulemap -Xcc -fmodule-map-file=/Users/manyo/Library/Developer/Xcode/DerivedData/GD-MangaReader-ensqrvkulassenhiununkvpllbyj/Build/Intermediates.noindex/GeneratedModuleMaps-iphonesimulator/AppCheckCore.modulemap -Xcc -fmodule-map-file=/Users/manyo/Library/Developer/Xcode/DerivedData/GD-MangaReader-ensqrvkulassenhiununkvpllbyj/Build/Intermediates.noindex/GeneratedModuleMaps-iphonesimulator/GoogleSignIn.modulemap -Xcc -fmodule-map-file=/Users/manyo/Library/Developer/Xcode/DerivedData/GD-MangaReader-ensqrvkulassenhiununkvpllbyj/Build/Intermediates.noindex/GeneratedModuleMaps-iphonesimulator/GTMSessionFetcherCore.modulemap -Xcc -fmodule-map-file=/Users/manyo/Library/Developer/Xcode/DerivedData/GD-MangaReader-ensqrvkulassenhiununkvpllbyj/Build/Intermediates.noindex/GeneratedModuleMaps-iphonesimulator/GTMSessionFetcherFull.modulemap -Xcc -fmodule-map-file=/Users/manyo/Library/Developer/Xcode/DerivedData/GD-MangaReader-ensqrvkulassenhiununkvpllbyj/Build/Intermediates.noindex/GeneratedModuleMaps-iphonesimulator/GoogleAPIClientForRESTCore.modulemap -Xcc -fmodule-map-file=/Users/manyo/Library/Developer/Xcode/DerivedData/GD-MangaReader-ensqrvkulassenhiununkvpllbyj/Build/Intermediates.noindex/GeneratedModuleMaps-iphonesimulator/GoogleAPIClientForREST_Drive.modulemap -Xcc -D_LIBCPP_HARDENING_MODE=_LIBCPP_HARDENING_MODE_DEBUG -Xcc -ivfsstatcache -Xcc /Users/manyo/Library/Developer/Xcode/DerivedData/SDKStatCaches.noindex/iphonesimulator26.2-23C53-7d00a8b37fbd7999ea79df8ebc024bf0.sdkstatcache -Xcc -I/Users/manyo/Library/Developer/Xcode/DerivedData/GD-MangaReader-ensqrvkulassenhiununkvpllbyj/Build/Intermediates.noindex/GD-MangaReader.build/Debug-iphonesimulator/GD-MangaReader.build/swift-overrides.hmap -Xcc -iquote -Xcc /Users/manyo/Library/Developer/Xcode/DerivedData/GD-MangaReader-ensqrvkulassenhiununkvpllbyj/Build/Intermediates.noindex/GD-MangaReader.build/Debug-iphonesimulator/GD-MangaReader.build/GD-MangaReader-generated-files.hmap -Xcc -I/Users/manyo/Library/Developer/Xcode/DerivedData/GD-MangaReader-ensqrvkulassenhiununkvpllbyj/Build/Intermediates.noindex/GD-MangaReader.build/Debug-iphonesimulator/GD-MangaReader.build/GD-MangaReader-own-target-headers.hmap -Xcc -I/Users/manyo/Library/Developer/Xcode/DerivedData/GD-MangaReader-ensqrvkulassenhiununkvpllbyj/Build/Intermediates.noindex/GD-MangaReader.build/Debug-iphonesimulator/GD-MangaReader.build/GD-MangaReader-all-non-framework-target-headers.hmap -Xcc -ivfsoverlay -Xcc /Users/manyo/Library/Developer/Xcode/DerivedData/GD-MangaReader-ensqrvkulassenhiununkvpllbyj/Build/Intermediates.noindex/GD-MangaReader.build/Debug-iphonesimulator/GD-MangaReader-955b0d1932e3acf7e6c65ad2fbabda61-VFS-iphonesimulator/all-product-headers.yaml -Xcc -iquote -Xcc /Users/manyo/Library/Developer/Xcode/DerivedData/GD-MangaReader-ensqrvkulassenhiununkvpllbyj/Build/Intermediates.noindex/GD-MangaReader.build/Debug-iphonesimulator/GD-MangaReader.build/GD-MangaReader-project-headers.hmap -Xcc -I/Users/manyo/Library/Developer/Xcode/DerivedData/GD-MangaReader-ensqrvkulassenhiununkvpllbyj/SourcePackages/checkouts/AppAuth-iOS/Sources/AppAuth -Xcc -I/Users/manyo/Library/Developer/Xcode/DerivedData/GD-MangaReader-ensqrvkulassenhiununkvpllbyj/SourcePackages/checkouts/AppAuth-iOS/Sources/AppAuthCore -Xcc -I/Users/manyo/Library/Developer/Xcode/DerivedData/GD-MangaReader-ensqrvkulassenhiununkvpllbyj/SourcePackages/checkouts/promises/Sources/FBLPromises/include -Xcc -I/Users/manyo/Library/Developer/Xcode/DerivedData/GD-MangaReader-ensqrvkulassenhiununkvpllbyj/SourcePackages/checkouts/GoogleUtilities/GoogleUtilities/Logger/Public -Xcc -I/Users/manyo/Library/Developer/Xcode/DerivedData/GD-MangaReader-ensqrvkulassenhiununkvpllbyj/SourcePackages/checkouts/GoogleUtilities/GoogleUtilities/Environment/Public -Xcc -I/Users/manyo/Library/Developer/Xcode/DerivedData/GD-MangaReader-ensqrvkulassenhiununkvpllbyj/SourcePackages/checkouts/GoogleUtilities/third_party/IsAppEncrypted/Public -Xcc -I/Users/manyo/Library/Developer/Xcode/DerivedData/GD-MangaReader-ensqrvkulassenhiununkvpllbyj/SourcePackages/checkouts/GoogleUtilities/GoogleUtilities/UserDefaults/Public -Xcc -I/Users/manyo/Library/Developer/Xcode/DerivedData/GD-MangaReader-ensqrvkulassenhiununkvpllbyj/SourcePackages/checkouts/app-check/AppCheckCore/Sources/Public -Xcc -I/Users/manyo/Library/Developer/Xcode/DerivedData/GD-MangaReader-ensqrvkulassenhiununkvpllbyj/SourcePackages/checkouts/GoogleSignIn-iOS/GoogleSignIn/Sources/Public -Xcc -I/Users/manyo/Library/Developer/Xcode/DerivedData/GD-MangaReader-ensqrvkulassenhiununkvpllbyj/SourcePackages/checkouts/gtm-session-fetcher/Sources/Core/Public -Xcc -I/Users/manyo/Library/Developer/Xcode/DerivedData/GD-MangaReader-ensqrvkulassenhiununkvpllbyj/SourcePackages/checkouts/gtm-session-fetcher/Sources/Full/Public -Xcc -I/Users/manyo/Library/Developer/Xcode/DerivedData/GD-MangaReader-ensqrvkulassenhiununkvpllbyj/SourcePackages/checkouts/google-api-objectivec-client-for-rest/Sources/Core/Public -Xcc -I/Users/manyo/Library/Developer/Xcode/DerivedData/GD-MangaReader-ensqrvkulassenhiununkvpllbyj/SourcePackages/checkouts/google-api-objectivec-client-for-rest/Sources/GeneratedServices/Drive/Public -Xcc -I/Users/manyo/Library/Developer/Xcode/DerivedData/GD-MangaReader-ensqrvkulassenhiununkvpllbyj/Build/Products/Debug-iphonesimulator/include -Xcc -I/Users/manyo/Library/Developer/Xcode/DerivedData/GD-MangaReader-ensqrvkulassenhiununkvpllbyj/Build/Intermediates.noindex/GD-MangaReader.build/Debug-iphonesimulator/GD-MangaReader.build/DerivedSources-normal/arm64 -Xcc -I/Users/manyo/Library/Developer/Xcode/DerivedData/GD-MangaReader-ensqrvkulassenhiununkvpllbyj/Build/Intermediates.noindex/GD-MangaReader.build/Debug-iphonesimulator/GD-MangaReader.build/DerivedSources/arm64 -Xcc -I/Users/manyo/Library/Developer/Xcode/DerivedData/GD-MangaReader-ensqrvkulassenhiununkvpllbyj/Build/Intermediates.noindex/GD-MangaReader.build/Debug-iphonesimulator/GD-MangaReader.build/DerivedSources -Xcc -DDEBUG=1 -no-auto-bridging-header-chaining -module-name GD_MangaReader -frontend-parseable-output -disable-clang-spi -target-sdk-version 26.2 -target-sdk-name iphonesimulator26.2 -clang-target arm64-apple-ios26.2-simulator -in-process-plugin-server-path /Applications/Xcode.app/Contents/Developer/Toolchains/XcodeDefault.xctoolchain/usr/lib/swift/host/libSwiftInProcPluginServer.dylib -o /Users/manyo/Library/Developer/Xcode/DerivedData/GD-MangaReader-ensqrvkulassenhiununkvpllbyj/Build/Intermediates.noindex/GD-MangaReader.build/Debug-iphonesimulator/GD-MangaReader.build/Objects-normal/arm64/LibraryView.o -index-unit-output-path /GD-MangaReader.build/Debug-iphonesimulator/GD-MangaReader.build/Objects-normal/arm64/LibraryView.o -index-store-path /Users/manyo/Library/Developer/Xcode/DerivedData/GD-MangaReader-ensqrvkulassenhiununkvpllbyj/Index.noindex/DataStore -index-system-modules
1.	Apple Swift version 6.2.3 (swiftlang-6.2.3.3.21 clang-1700.6.3.2)
2.	Compiling with effective version 5.10
3.	While evaluating request TypeCheckPrimaryFileRequest(source_file "/Users/manyo/Desktop/develop/google-drive-manga-reader/GD-MangaReader/GD-MangaReader/Views/LibraryView.swift")
4.	While evaluating request TypeCheckFunctionBodyRequest(GD_MangaReader.(file).LibraryView._@/Users/manyo/Desktop/develop/google-drive-manga-reader/GD-MangaReader/GD-MangaReader/Views/LibraryView.swift:238:37)
5.	While type-checking statement at [/Users/manyo/Desktop/develop/google-drive-manga-reader/GD-MangaReader/GD-MangaReader/Views/LibraryView.swift:238:37 - line:263:5] RangeText="{
        LazyVGrid(columns: gridColumns, spacing: 16) {
            ForEach(libraryViewModel.filteredItems) { item in
                DriveItemGridCell(
                    item: item,
                    isBulkDownloading: (libraryViewModel.isBulkDownloading && item.id == libraryViewModel.bulkDownloadTargetFolderId),
                    localComic: libraryViewModel.downloadedComics[item.id],
                    folderThumbnails: libraryViewModel.folderThumbnails[item.id]
                )
                    .task {
                        if item.isFolder {
                            await libraryViewModel.fetchThumbnails(for: item)
                        }
                    }
                    .onTapGesture {
                        handleItemTap(item)
                    }
                    .onLongPressGesture {
                        if item.isFolder {
                            selectedFolderForBulk = item
                            showingBulkDownloadConfirmation = true
                        }
                    }
            }
        }
    "
6.	While type-checking statement at [/Users/manyo/Desktop/develop/google-drive-manga-reader/GD-MangaReader/GD-MangaReader/Views/LibraryView.swift:239:9 - line:262:9] RangeText="LazyVGrid(columns: gridColumns, spacing: 16) {
            ForEach(libraryViewModel.filteredItems) { item in
                DriveItemGridCell(
                    item: item,
                    isBulkDownloading: (libraryViewModel.isBulkDownloading && item.id == libraryViewModel.bulkDownloadTargetFolderId),
                    localComic: libraryViewModel.downloadedComics[item.id],
                    folderThumbnails: libraryViewModel.folderThumbnails[item.id]
                )
                    .task {
                        if item.isFolder {
                            await libraryViewModel.fetchThumbnails(for: item)
                        }
                    }
                    .onTapGesture {
                        handleItemTap(item)
                    }
                    .onLongPressGesture {
                        if item.isFolder {
                            selectedFolderForBulk = item
                            showingBulkDownloadConfirmation = true
                        }
                    }
            }
        "
7.	While type-checking-target starting at /Users/manyo/Desktop/develop/google-drive-manga-reader/GD-MangaReader/GD-MangaReader/Views/LibraryView.swift:239:9
Stack dump without symbol names (ensure you have llvm-symbolizer in your PATH or set the environment var `LLVM_SYMBOLIZER_PATH` to point to it):
0  swift-frontend           0x000000010aafab60 llvm::sys::PrintStackTrace(llvm::raw_ostream&, int) + 56
1  swift-frontend           0x000000010aaf84f0 llvm::sys::RunSignalHandlers() + 112
2  swift-frontend           0x000000010aafb18c SignalHandler(int, __siginfo*, void*) + 344
3  libsystem_platform.dylib 0x00000001878997a4 _sigtramp + 56
4  libsystem_pthread.dylib  0x000000018788f8d8 pthread_kill + 296
5  libsystem_c.dylib        0x0000000187796790 abort + 148
6  swift-frontend           0x00000001063bdee8 ASSERT_failure(char const*, char const*, int, char const*) + 1720
7  swift-frontend           0x0000000105b422d4 swift::constraints::ConstraintSystem::recordOpenedTypes(swift::constraints::ConstraintLocatorBuilder, llvm::SmallVectorImpl<std::__1::pair<swift::GenericTypeParamType*, swift::TypeVariableType*>>&, bool) + 836
8  swift-frontend           0x0000000105b4aac0 swift::constraints::ConstraintSystem::getTypeOfMemberReference(swift::Type, swift::ValueDecl*, swift::DeclContext*, bool, swift::FunctionRefInfo, swift::constraints::ConstraintLocator*, llvm::SmallVectorImpl<std::__1::pair<swift::GenericTypeParamType*, swift::TypeVariableType*>>*) + 6328
9  swift-frontend           0x0000000105b4bdcc swift::constraints::ConstraintSystem::resolveOverload(swift::constraints::ConstraintLocator*, swift::Type, swift::constraints::OverloadChoice, swift::DeclContext*) + 720
10 swift-frontend           0x00000001059ddd54 swift::constraints::ConstraintSystem::simplifyConstraint(swift::constraints::Constraint const&) + 2168
11 swift-frontend           0x0000000105a09568 swift::constraints::DisjunctionStep::attempt(swift::constraints::DisjunctionChoice const&) + 180
12 swift-frontend           0x0000000105a08250 swift::constraints::BindingStep<swift::constraints::DisjunctionChoiceProducer>::take(bool) + 956
13 swift-frontend           0x00000001059f316c swift::constraints::ConstraintSystem::solveImpl(llvm::SmallVectorImpl<swift::constraints::Solution>&) + 596
14 swift-frontend           0x0000000105aa5c94 swift::constraints::ConstraintSystem::salvage() + 192
15 swift-frontend           0x00000001059f5dbc swift::constraints::ConstraintSystem::solve(swift::constraints::SyntacticElementTarget&, swift::FreeTypeVariableBinding) + 1160
16 swift-frontend           0x0000000105c131ac swift::TypeChecker::typeCheckTarget(swift::constraints::SyntacticElementTarget&, swift::optionset::OptionSet<swift::TypeCheckExprFlags, unsigned int>, swift::DiagnosticTransaction*) + 704
17 swift-frontend           0x0000000105d31ad0 swift::ASTVisitor<(anonymous namespace)::StmtChecker, void, swift::Stmt*, void, void, void, void>::visit(swift::Stmt*) + 2884
18 swift-frontend           0x0000000105d30e54 bool (anonymous namespace)::StmtChecker::typeCheckStmt<swift::Stmt>(swift::Stmt*&) + 312
19 swift-frontend           0x0000000105d2b0d8 (anonymous namespace)::StmtChecker::typeCheckASTNode(swift::ASTNode&) + 80
20 swift-frontend           0x0000000105d310ac swift::ASTVisitor<(anonymous namespace)::StmtChecker, void, swift::Stmt*, void, void, void, void>::visit(swift::Stmt*) + 288
21 swift-frontend           0x0000000105d2e70c bool (anonymous namespace)::StmtChecker::typeCheckStmt<swift::BraceStmt>(swift::BraceStmt*&) + 312
22 swift-frontend           0x0000000105d2d1c4 swift::TypeCheckFunctionBodyRequest::evaluate(swift::Evaluator&, swift::AbstractFunctionDecl*) const + 2996
23 swift-frontend           0x000000010619219c swift::TypeCheckFunctionBodyRequest::OutputType swift::Evaluator::getResultUncached<swift::TypeCheckFunctionBodyRequest, swift::TypeCheckFunctionBodyRequest::OutputType swift::evaluateOrDefault<swift::TypeCheckFunctionBodyRequest>(swift::Evaluator&, swift::TypeCheckFunctionBodyRequest, swift::TypeCheckFunctionBodyRequest::OutputType)::'lambda'()>(swift::TypeCheckFunctionBodyRequest const&, swift::TypeCheckFunctionBodyRequest::OutputType swift::evaluateOrDefault<swift::TypeCheckFunctionBodyRequest>(swift::Evaluator&, swift::TypeCheckFunctionBodyRequest, swift::TypeCheckFunctionBodyRequest::OutputType)::'lambda'()) + 688
24 swift-frontend           0x00000001060e1c40 swift::AbstractFunctionDecl::getTypecheckedBody() const + 152
25 swift-frontend           0x0000000105d84cf0 swift::TypeCheckPrimaryFileRequest::evaluate(swift::Evaluator&, swift::SourceFile*) const + 912
26 swift-frontend           0x0000000105d8bbf8 swift::TypeCheckPrimaryFileRequest::OutputType swift::Evaluator::getResultUncached<swift::TypeCheckPrimaryFileRequest, swift::TypeCheckPrimaryFileRequest::OutputType swift::evaluateOrDefault<swift::TypeCheckPrimaryFileRequest>(swift::Evaluator&, swift::TypeCheckPrimaryFileRequest, swift::TypeCheckPrimaryFileRequest::OutputType)::'lambda'()>(swift::TypeCheckPrimaryFileRequest const&, swift::TypeCheckPrimaryFileRequest::OutputType swift::evaluateOrDefault<swift::TypeCheckPrimaryFileRequest>(swift::Evaluator&, swift::TypeCheckPrimaryFileRequest, swift::TypeCheckPrimaryFileRequest::OutputType)::'lambda'()) + 672
27 swift-frontend           0x0000000104b2e2b8 bool llvm::function_ref<bool (swift::SourceFile&)>::callback_fn<swift::CompilerInstance::performSema()::$_0>(long, swift::SourceFile&) + 156
28 swift-frontend           0x0000000104b278e8 swift::CompilerInstance::forEachFileToTypeCheck(llvm::function_ref<bool (swift::SourceFile&)>) + 176
29 swift-frontend           0x0000000104b2777c swift::CompilerInstance::performSema() + 120
30 swift-frontend           0x000000010472bfd8 performCompile(swift::CompilerInstance&, int&, swift::FrontendObserver*) + 772
31 swift-frontend           0x000000010472afc8 swift::performFrontend(llvm::ArrayRef<char const*>, char const*, void*, swift::FrontendObserver*) + 3580
32 swift-frontend           0x00000001046a8408 swift::mainEntry(int, char const**) + 5412
33 dyld                     0x00000001874d39b8 start + 6992
Failed frontend command:
SwiftEmitModule normal arm64 Emitting\ module\ for\ GD_MangaReader (in target 'GD-MangaReader' from project 'GD-MangaReader')

EmitSwiftModule normal arm64 (in target 'GD-MangaReader' from project 'GD-MangaReader')
    cd /Users/manyo/Desktop/develop/google-drive-manga-reader/GD-MangaReader
    
/Users/manyo/Desktop/develop/google-drive-manga-reader/GD-MangaReader/GD-MangaReader/ViewModels/AuthViewModel.swift:40:21: warning: 'GTMFetcherAuthorizationProtocol' is deprecated: implement GTMSessionFetcherAuthorizer instead
    var authorizer: GTMFetcherAuthorizationProtocol? {
                    ^
/Users/manyo/Desktop/develop/google-drive-manga-reader/GD-MangaReader/GD-MangaReader/ViewModels/DownloaderViewModel.swift:24:5: warning: 'internal(set)' modifier is redundant for an internal property
    internal(set) var status: DownloadStatus = .pending
    ^~~~~~~~~~~~~~
    
/Users/manyo/Desktop/develop/google-drive-manga-reader/GD-MangaReader/GD-MangaReader/ViewModels/DownloaderViewModel.swift:71:42: warning: 'GTMFetcherAuthorizationProtocol' is deprecated: implement GTMSessionFetcherAuthorizer instead
    func configure(with authorizer: (any GTMFetcherAuthorizationProtocol)?, accessToken: String?) {
                                         ^
/Users/manyo/Desktop/develop/google-drive-manga-reader/GD-MangaReader/GD-MangaReader/Services/DriveService.swift:30:41: warning: 'GTMFetcherAuthorizationProtocol' is deprecated: implement GTMSessionFetcherAuthorizer instead
    func configure(with authorizer: any GTMFetcherAuthorizationProtocol) {
                                        ^
/Users/manyo/Desktop/develop/google-drive-manga-reader/GD-MangaReader/GD-MangaReader/ViewModels/LibraryViewModel.swift:161:42: warning: 'GTMFetcherAuthorizationProtocol' is deprecated: implement GTMSessionFetcherAuthorizer instead
    func configure(with authorizer: (any GTMFetcherAuthorizationProtocol)?) {
                                         ^
/Users/manyo/Desktop/develop/google-drive-manga-reader/GD-MangaReader/GD-MangaReader/ViewModels/LibraryViewModel.swift:316:65: warning: 'GTMFetcherAuthorizationProtocol' is deprecated: implement GTMSessionFetcherAuthorizer instead
    func bulkDownloadSeries(folder: DriveItem, authorizer: (any GTMFetcherAuthorizationProtocol)?, accessToken: String?) {
                                                                ^

